0 info it worked if it ends with ok
1 verbose cli [ 'C:\\Program Files\\nodejs\\node.exe',
1 verbose cli   'C:\\Program Files\\nodejs\\node_modules\\npm\\bin\\npm-cli.js',
1 verbose cli   'install',
1 verbose cli   'big-integer' ]
2 info using npm@3.10.3
3 info using node@v6.5.0
4 silly loadCurrentTree Starting
5 silly install loadCurrentTree
6 silly install readLocalPackageData
7 silly fetchPackageMetaData big-integer
8 silly fetchNamedPackageData big-integer
9 silly mapToRegistry name big-integer
10 silly mapToRegistry using default registry
11 silly mapToRegistry registry https://registry.npmjs.org/
12 silly mapToRegistry data Result {
12 silly mapToRegistry   raw: 'big-integer',
12 silly mapToRegistry   scope: null,
12 silly mapToRegistry   escapedName: 'big-integer',
12 silly mapToRegistry   name: 'big-integer',
12 silly mapToRegistry   rawSpec: '',
12 silly mapToRegistry   spec: 'latest',
12 silly mapToRegistry   type: 'tag' }
13 silly mapToRegistry uri https://registry.npmjs.org/big-integer
14 verbose request uri https://registry.npmjs.org/big-integer
15 verbose request no auth needed
16 info attempt registry request try #1 at 9:11:22 AM
17 verbose request id c6e615b9284c6e8b
18 http request GET https://registry.npmjs.org/big-integer
19 http 200 https://registry.npmjs.org/big-integer
20 verbose headers { server: 'nginx/1.10.1',
20 verbose headers   'content-type': 'application/json',
20 verbose headers   'last-modified': 'Tue, 15 Nov 2016 08:39:11 GMT',
20 verbose headers   etag: 'W/"582ac9af-171c4"',
20 verbose headers   'content-encoding': 'gzip',
20 verbose headers   'cache-control': 'max-age=300',
20 verbose headers   'content-length': '11020',
20 verbose headers   'accept-ranges': 'bytes',
20 verbose headers   date: 'Wed, 18 Jan 2017 07:11:27 GMT',
20 verbose headers   via: '1.1 varnish',
20 verbose headers   age: '112',
20 verbose headers   connection: 'keep-alive',
20 verbose headers   'x-served-by': 'cache-fjr7923-FJR',
20 verbose headers   'x-cache': 'HIT',
20 verbose headers   'x-cache-hits': '1',
20 verbose headers   'x-timer': 'S1484723487.076891,VS0,VE0',
20 verbose headers   vary: 'Accept-Encoding' }
21 silly get cb [ 200,
21 silly get   { server: 'nginx/1.10.1',
21 silly get     'content-type': 'application/json',
21 silly get     'last-modified': 'Tue, 15 Nov 2016 08:39:11 GMT',
21 silly get     etag: 'W/"582ac9af-171c4"',
21 silly get     'content-encoding': 'gzip',
21 silly get     'cache-control': 'max-age=300',
21 silly get     'content-length': '11020',
21 silly get     'accept-ranges': 'bytes',
21 silly get     date: 'Wed, 18 Jan 2017 07:11:27 GMT',
21 silly get     via: '1.1 varnish',
21 silly get     age: '112',
21 silly get     connection: 'keep-alive',
21 silly get     'x-served-by': 'cache-fjr7923-FJR',
21 silly get     'x-cache': 'HIT',
21 silly get     'x-cache-hits': '1',
21 silly get     'x-timer': 'S1484723487.076891,VS0,VE0',
21 silly get     vary: 'Accept-Encoding' } ]
22 verbose get saving big-integer to C:\Users\Rwaida\AppData\Roaming\npm-cache\registry.npmjs.org\big-integer\.cache.json
23 verbose correctMkdir C:\Users\Rwaida\AppData\Roaming\npm-cache correctMkdir not in flight; initializing
24 silly install normalizeTree
25 silly loadCurrentTree Finishing
26 silly loadIdealTree Starting
27 silly install loadIdealTree
28 silly cloneCurrentTree Starting
29 silly install cloneCurrentTreeToIdealTree
30 silly cloneCurrentTree Finishing
31 silly loadShrinkwrap Starting
32 silly install loadShrinkwrap
33 silly loadShrinkwrap Finishing
34 silly loadAllDepsIntoIdealTree Starting
35 silly install loadAllDepsIntoIdealTree
36 silly resolveWithNewModule big-integer@1.6.17 checking installable status
37 silly cache add args [ 'big-integer', null ]
38 verbose cache add spec big-integer
39 silly cache add parsed spec Result {
39 silly cache add   raw: 'big-integer',
39 silly cache add   scope: null,
39 silly cache add   escapedName: 'big-integer',
39 silly cache add   name: 'big-integer',
39 silly cache add   rawSpec: '',
39 silly cache add   spec: 'latest',
39 silly cache add   type: 'tag' }
40 silly addNamed big-integer@latest
41 verbose addNamed "latest" is being treated as a dist-tag for big-integer
42 info addNameTag [ 'big-integer', 'latest' ]
43 silly mapToRegistry name big-integer
44 silly mapToRegistry using default registry
45 silly mapToRegistry registry https://registry.npmjs.org/
46 silly mapToRegistry data Result {
46 silly mapToRegistry   raw: 'big-integer',
46 silly mapToRegistry   scope: null,
46 silly mapToRegistry   escapedName: 'big-integer',
46 silly mapToRegistry   name: 'big-integer',
46 silly mapToRegistry   rawSpec: '',
46 silly mapToRegistry   spec: 'latest',
46 silly mapToRegistry   type: 'tag' }
47 silly mapToRegistry uri https://registry.npmjs.org/big-integer
48 verbose addNameTag registry:https://registry.npmjs.org/big-integer not in flight; fetching
49 verbose get https://registry.npmjs.org/big-integer not expired, no request
50 silly addNameTag next cb for big-integer with tag latest
51 silly addNamed big-integer@1.6.17
52 verbose addNamed "1.6.17" is a plain semver version for big-integer
53 silly mapToRegistry name big-integer
54 silly mapToRegistry using default registry
55 silly mapToRegistry registry https://registry.npmjs.org/
56 silly mapToRegistry data Result {
56 silly mapToRegistry   raw: 'big-integer',
56 silly mapToRegistry   scope: null,
56 silly mapToRegistry   escapedName: 'big-integer',
56 silly mapToRegistry   name: 'big-integer',
56 silly mapToRegistry   rawSpec: '',
56 silly mapToRegistry   spec: 'latest',
56 silly mapToRegistry   type: 'tag' }
57 silly mapToRegistry uri https://registry.npmjs.org/big-integer
58 verbose addRemoteTarball https://registry.npmjs.org/big-integer/-/big-integer-1.6.17.tgz not in flight; adding
59 verbose addRemoteTarball [ 'https://registry.npmjs.org/big-integer/-/big-integer-1.6.17.tgz',
59 verbose addRemoteTarball   'f0dcf5109a949e42a993ee3e8fb2070452817b51' ]
60 info retry fetch attempt 1 at 9:11:24 AM
61 info attempt registry request try #1 at 9:11:24 AM
62 http fetch GET https://registry.npmjs.org/big-integer/-/big-integer-1.6.17.tgz
63 http fetch 200 https://registry.npmjs.org/big-integer/-/big-integer-1.6.17.tgz
64 warn retry will retry, error on last attempt: Error: EBUSY: resource busy or locked, rename 'C:\Users\Rwaida\AppData\Local\Temp\npm-5280-05b45a59\registry.npmjs.org\big-integer\-\big-integer-1.6.17.tgz.3669711624' -> 'C:\Users\Rwaida\AppData\Local\Temp\npm-5280-05b45a59\registry.npmjs.org\big-integer\-\big-integer-1.6.17.tgz'
65 verbose stack TypeError: tarball.destroy is not a function
65 verbose stack     at WriteStreamAtomic.<anonymous> (C:\Program Files\nodejs\node_modules\npm\lib\cache\add-remote-tarball.js:97:15)
65 verbose stack     at emitOne (events.js:101:20)
65 verbose stack     at WriteStreamAtomic.emit (events.js:188:7)
65 verbose stack     at WriteStreamAtomic.emit (C:\Program Files\nodejs\node_modules\npm\node_modules\fs-write-stream-atomic\index.js:60:34)
65 verbose stack     at C:\Program Files\nodejs\node_modules\npm\node_modules\fs-write-stream-atomic\index.js:89:19
65 verbose stack     at FSReqWrap.oncomplete (fs.js:123:15)
66 verbose cwd C:\Users\Rwaida\Desktop\cohort2-toy-problems\powerOfTwo
67 error Windows_NT 6.1.7601
68 error argv "C:\\Program Files\\nodejs\\node.exe" "C:\\Program Files\\nodejs\\node_modules\\npm\\bin\\npm-cli.js" "install" "big-integer"
69 error node v6.5.0
70 error npm  v3.10.3
71 error tarball.destroy is not a function
72 error If you need help, you may report this error at:
72 error     <https://github.com/npm/npm/issues>
73 verbose exit [ 1, true ]
